The target system is: Emscripten - 1 - x86
The host system is: Linux - 5.15.0-1031-azure - x86_64
Performing C++ SOURCE FILE Test HAVE_STDATOMIC succeeded with the following output:
Change Dir: /home/runner/work/dev-env-debian/dev-env-debian/build-Qt6QuickApp-WebAssembly-Debug/CMakeFiles/CMakeTmp

Run Build Command(s):/usr/bin/gmake -f Makefile cmTC_07f90/fast && /usr/bin/gmake  -f CMakeFiles/cmTC_07f90.dir/build.make CMakeFiles/cmTC_07f90.dir/build
gmake[1]: Entering directory '/home/runner/work/dev-env-debian/dev-env-debian/build-Qt6QuickApp-WebAssembly-Debug/CMakeFiles/CMakeTmp'
Building CXX object CMakeFiles/cmTC_07f90.dir/src.cxx.o
/home/runner/work/dev-env-debian/dev-env-debian/emsdk-cache/emsdk-main/upstream/emscripten/em++ -DHAVE_STDATOMIC  -DQT_QML_DEBUG  -std=gnu++17 -MD -MT CMakeFiles/cmTC_07f90.dir/src.cxx.o -MF CMakeFiles/cmTC_07f90.dir/src.cxx.o.d -o CMakeFiles/cmTC_07f90.dir/src.cxx.o -c /home/runner/work/dev-env-debian/dev-env-debian/build-Qt6QuickApp-WebAssembly-Debug/CMakeFiles/CMakeTmp/src.cxx
shared:INFO: (Emscripten: Running sanity checks)
Linking CXX executable cmTC_07f90.js
/usr/bin/cmake -E cmake_link_script CMakeFiles/cmTC_07f90.dir/link.txt --verbose=1
/home/runner/work/dev-env-debian/dev-env-debian/emsdk-cache/emsdk-main/upstream/emscripten/em++ -DQT_QML_DEBUG  @CMakeFiles/cmTC_07f90.dir/objects1.rsp -o cmTC_07f90.js 
gmake[1]: Leaving directory '/home/runner/work/dev-env-debian/dev-env-debian/build-Qt6QuickApp-WebAssembly-Debug/CMakeFiles/CMakeTmp'


Source file was:
#include <atomic>
#include <cstdint>

int main(int, char **)
{
    volatile std::atomic<char>    size_1;
    volatile std::atomic<short>   size_2;
    volatile std::atomic<int>     size_4;
    volatile std::atomic<int64_t> size_8;

    ++size_1;
    ++size_2;
    ++size_4;
    ++size_8;

    (void)size_1.load(std::memory_order_relaxed);
    (void)size_2.load(std::memory_order_relaxed);
    (void)size_4.load(std::memory_order_relaxed);
    (void)size_8.load(std::memory_order_relaxed);

    return 0;
}
Performing C++ SOURCE FILE Test HAVE_GETTIME succeeded with the following output:
Change Dir: /home/runner/work/dev-env-debian/dev-env-debian/build-Qt6QuickApp-WebAssembly-Debug/CMakeFiles/CMakeTmp

Run Build Command(s):/usr/bin/gmake -f Makefile cmTC_e1e01/fast && /usr/bin/gmake  -f CMakeFiles/cmTC_e1e01.dir/build.make CMakeFiles/cmTC_e1e01.dir/build
gmake[1]: Entering directory '/home/runner/work/dev-env-debian/dev-env-debian/build-Qt6QuickApp-WebAssembly-Debug/CMakeFiles/CMakeTmp'
Building CXX object CMakeFiles/cmTC_e1e01.dir/src.cxx.o
/home/runner/work/dev-env-debian/dev-env-debian/emsdk-cache/emsdk-main/upstream/emscripten/em++ -DHAVE_GETTIME  -DQT_QML_DEBUG  -std=gnu++17 -MD -MT CMakeFiles/cmTC_e1e01.dir/src.cxx.o -MF CMakeFiles/cmTC_e1e01.dir/src.cxx.o.d -o CMakeFiles/cmTC_e1e01.dir/src.cxx.o -c /home/runner/work/dev-env-debian/dev-env-debian/build-Qt6QuickApp-WebAssembly-Debug/CMakeFiles/CMakeTmp/src.cxx
Linking CXX executable cmTC_e1e01.js
/usr/bin/cmake -E cmake_link_script CMakeFiles/cmTC_e1e01.dir/link.txt --verbose=1
/home/runner/work/dev-env-debian/dev-env-debian/emsdk-cache/emsdk-main/upstream/emscripten/em++ -DQT_QML_DEBUG  @CMakeFiles/cmTC_e1e01.dir/objects1.rsp -o cmTC_e1e01.js 
gmake[1]: Leaving directory '/home/runner/work/dev-env-debian/dev-env-debian/build-Qt6QuickApp-WebAssembly-Debug/CMakeFiles/CMakeTmp'


Source file was:

#include <unistd.h>
#include <time.h>

int main(int, char **) {
    timespec ts; clock_gettime(CLOCK_REALTIME, &ts);
}
Performing C++ SOURCE FILE Test HAVE_EGL succeeded with the following output:
Change Dir: /home/runner/work/dev-env-debian/dev-env-debian/build-Qt6QuickApp-WebAssembly-Debug/CMakeFiles/CMakeTmp

Run Build Command(s):/usr/bin/gmake -f Makefile cmTC_386e8/fast && /usr/bin/gmake  -f CMakeFiles/cmTC_386e8.dir/build.make CMakeFiles/cmTC_386e8.dir/build
gmake[1]: Entering directory '/home/runner/work/dev-env-debian/dev-env-debian/build-Qt6QuickApp-WebAssembly-Debug/CMakeFiles/CMakeTmp'
Building CXX object CMakeFiles/cmTC_386e8.dir/src.cxx.o
/home/runner/work/dev-env-debian/dev-env-debian/emsdk-cache/emsdk-main/upstream/emscripten/em++ -DHAVE_EGL  -DQT_QML_DEBUG  -std=gnu++17 -MD -MT CMakeFiles/cmTC_386e8.dir/src.cxx.o -MF CMakeFiles/cmTC_386e8.dir/src.cxx.o.d -o CMakeFiles/cmTC_386e8.dir/src.cxx.o -c /home/runner/work/dev-env-debian/dev-env-debian/build-Qt6QuickApp-WebAssembly-Debug/CMakeFiles/CMakeTmp/src.cxx
Linking CXX executable cmTC_386e8.js
/usr/bin/cmake -E cmake_link_script CMakeFiles/cmTC_386e8.dir/link.txt --verbose=1
/home/runner/work/dev-env-debian/dev-env-debian/emsdk-cache/emsdk-main/upstream/emscripten/em++ -DQT_QML_DEBUG  @CMakeFiles/cmTC_386e8.dir/objects1.rsp -o cmTC_386e8.js 
gmake[1]: Leaving directory '/home/runner/work/dev-env-debian/dev-env-debian/build-Qt6QuickApp-WebAssembly-Debug/CMakeFiles/CMakeTmp'


Source file was:

#include <EGL/egl.h>

int main(int, char **) {
    EGLint x = 0; EGLDisplay dpy = 0; EGLContext ctx = 0;
    eglDestroyContext(dpy, ctx);
}
